11:56:27.580 [main] INFO  c.b.launchers.LaunchMavenCommand - Executing maven archetype command - browserstack-sdk-archetype-integrate
11:56:27.601 [main] INFO  c.b.launchers.LaunchMavenCommand - The maven properties for launcher are [archetypeArtifactId=browserstack-sdk-archetype-integrate, BROWSERSTACK_ACCESS_KEY=RuJAjfXjLzXhqpN5voeF, groupId=com.browserstack, BROWSERSTACK_APP=bs://sample.app, BROWSERSTACK_FRAMEWORK=java, version=1.0, PROJECT_NAME=BrowserStack Sample, archetypeVersion=1.5, archetypeGroupId=com.browserstack, artifactId=java-archetype-integrate, BROWSERSTACK_USERNAME=varshuvibes_rXyjQH, BUILD_NAME=browserstack build, BROWSERSTACK_SOURCE=java:appium-eclipse:v1.0.8]
11:56:59.226 [main] INFO  c.b.a.BrowserStackPropertyTester - Testing : isBrowserStackEnabled
11:56:59.227 [main] INFO  c.b.BrowserStackPluginActivator - Prefs Keys []
11:56:59.228 [main] INFO  c.b.a.BrowserStackPropertyTester - Validation Result isBrowserStackEnabled : true P/APPIUMSCRIPTS
11:56:59.229 [main] INFO  c.b.a.BrowserStackPropertyTester - Testing : isBrowserStackDisabled
11:56:59.230 [main] INFO  c.b.BrowserStackPluginActivator - Prefs Keys []
11:56:59.233 [main] INFO  c.b.a.BrowserStackPropertyTester - Validation Result isBrowserStackDisabled : false P/APPIUMSCRIPTS
12:06:00.530 [main] INFO  c.b.a.BrowserStackPropertyTester - Testing : isBrowserStackEnabled
12:06:00.530 [main] INFO  c.b.BrowserStackPluginActivator - Prefs Keys []
12:06:00.534 [main] INFO  c.b.a.BrowserStackPropertyTester - Validation Result isBrowserStackEnabled : true P/APPIUMSCRIPTS
12:06:00.536 [main] INFO  c.b.a.BrowserStackPropertyTester - Testing : isBrowserStackDisabled
12:06:00.536 [main] INFO  c.b.BrowserStackPluginActivator - Prefs Keys []
12:06:00.540 [main] INFO  c.b.a.BrowserStackPropertyTester - Validation Result isBrowserStackDisabled : false P/APPIUMSCRIPTS
12:06:03.194 [main] INFO  c.b.a.BrowserStackPropertyTester - Testing : isBrowserStackEnabled
12:06:03.196 [main] INFO  c.b.BrowserStackPluginActivator - Prefs Keys []
12:06:03.199 [main] INFO  c.b.a.BrowserStackPropertyTester - Validation Result isBrowserStackEnabled : true P/APPIUMSCRIPTS
12:06:03.199 [main] INFO  c.b.a.BrowserStackPropertyTester - Testing : isBrowserStackDisabled
12:06:03.201 [main] INFO  c.b.BrowserStackPluginActivator - Prefs Keys []
12:06:03.204 [main] INFO  c.b.a.BrowserStackPropertyTester - Validation Result isBrowserStackDisabled : false P/APPIUMSCRIPTS
12:07:55.606 [Worker-8: Launching APPIUMSCRIPTS_testng.xml] INFO  c.b.BrowserStackPluginActivator - The previous launch removed.
12:07:55.610 [Worker-8: Launching APPIUMSCRIPTS_testng.xml] INFO  c.b.BrowserStackPluginActivator - Existing javaagentArgline (BROWSERSTACK_JAVAAGENT_ARGLINE) in plugin prefs is 
12:07:55.613 [Worker-8: Launching APPIUMSCRIPTS_testng.xml] INFO  c.b.BrowserStackPluginActivator - Prefs Keys []
12:07:55.614 [Worker-8: Launching APPIUMSCRIPTS_testng.xml] INFO  c.b.BrowserStackPluginActivator - The environment variables for the launch configuration are {BROWSERSTACK_EXEC_SOURCE=eclipse/1.0.8}
12:10:49.049 [main] INFO  c.b.a.BrowserStackPropertyTester - Testing : isBrowserStackEnabled
12:10:49.049 [main] INFO  c.b.BrowserStackPluginActivator - Prefs Keys []
12:10:49.052 [main] INFO  c.b.a.BrowserStackPropertyTester - Validation Result isBrowserStackEnabled : true P/APPIUMSCRIPTS
12:10:49.054 [main] INFO  c.b.a.BrowserStackPropertyTester - Testing : isBrowserStackDisabled
12:10:49.054 [main] INFO  c.b.BrowserStackPluginActivator - Prefs Keys []
12:10:49.056 [main] INFO  c.b.a.BrowserStackPropertyTester - Validation Result isBrowserStackDisabled : false P/APPIUMSCRIPTS
12:40:03.948 [main] INFO  c.b.a.BrowserStackPropertyTester - Testing : isBrowserStackEnabled
12:40:03.948 [main] INFO  c.b.BrowserStackPluginActivator - Prefs Keys []
12:40:03.951 [main] INFO  c.b.a.BrowserStackPropertyTester - Validation Result isBrowserStackEnabled : true P/APPIUMSCRIPTS
12:40:03.952 [main] INFO  c.b.a.BrowserStackPropertyTester - Testing : isBrowserStackDisabled
12:40:03.954 [main] INFO  c.b.BrowserStackPluginActivator - Prefs Keys []
12:40:03.960 [main] INFO  c.b.a.BrowserStackPropertyTester - Validation Result isBrowserStackDisabled : false P/APPIUMSCRIPTS
12:43:17.371 [Worker-46: Launching HashMapTest] INFO  c.b.BrowserStackPluginActivator - The previous launch removed.
12:43:17.372 [Worker-46: Launching HashMapTest] INFO  c.b.BrowserStackPluginActivator - Existing javaagentArgline (BROWSERSTACK_JAVAAGENT_ARGLINE) in plugin prefs is 
12:43:17.375 [Worker-46: Launching HashMapTest] INFO  c.b.BrowserStackPluginActivator - Prefs Keys []
12:43:17.377 [Worker-46: Launching HashMapTest] INFO  c.b.BrowserStackPluginActivator - The environment variables for the launch configuration are {BROWSERSTACK_EXEC_SOURCE=eclipse/1.0.8}
12:43:20.014 [Worker-46: Launching HashMapTest] INFO  c.b.BrowserStackPluginActivator - The previous launch removed.
12:47:55.002 [main] INFO  c.b.a.BrowserStackPropertyTester - Testing : isBrowserStackEnabled
12:47:55.002 [main] INFO  c.b.BrowserStackPluginActivator - Prefs Keys []
12:47:55.005 [main] INFO  c.b.a.BrowserStackPropertyTester - Validation Result isBrowserStackEnabled : true P/APPIUMSCRIPTS
12:47:55.006 [main] INFO  c.b.a.BrowserStackPropertyTester - Testing : isBrowserStackDisabled
12:47:55.006 [main] INFO  c.b.BrowserStackPluginActivator - Prefs Keys []
12:47:55.009 [main] INFO  c.b.a.BrowserStackPropertyTester - Validation Result isBrowserStackDisabled : false P/APPIUMSCRIPTS
12:47:58.764 [main] INFO  c.b.a.BrowserStackPropertyTester - Testing : isBrowserStackEnabled
12:47:58.764 [main] INFO  c.b.BrowserStackPluginActivator - Prefs Keys []
12:47:58.766 [main] INFO  c.b.a.BrowserStackPropertyTester - Validation Result isBrowserStackEnabled : true P/APPIUMSCRIPTS
12:47:58.767 [main] INFO  c.b.a.BrowserStackPropertyTester - Testing : isBrowserStackDisabled
12:47:58.767 [main] INFO  c.b.BrowserStackPluginActivator - Prefs Keys []
12:47:58.770 [main] INFO  c.b.a.BrowserStackPropertyTester - Validation Result isBrowserStackDisabled : false P/APPIUMSCRIPTS
13:04:11.980 [main] INFO  c.b.a.BrowserStackPropertyTester - Testing : isBrowserStackEnabled
13:04:11.981 [main] INFO  c.b.BrowserStackPluginActivator - Prefs Keys []
13:04:11.983 [main] INFO  c.b.a.BrowserStackPropertyTester - Validation Result isBrowserStackEnabled : true P/APPIUMSCRIPTS
13:04:11.985 [main] INFO  c.b.a.BrowserStackPropertyTester - Testing : isBrowserStackDisabled
13:04:11.985 [main] INFO  c.b.BrowserStackPluginActivator - Prefs Keys []
13:04:11.986 [main] INFO  c.b.a.BrowserStackPropertyTester - Validation Result isBrowserStackDisabled : false P/APPIUMSCRIPTS
13:04:29.009 [main] INFO  c.b.a.BrowserStackPropertyTester - Testing : isBrowserStackEnabled
13:04:29.012 [main] INFO  c.b.BrowserStackPluginActivator - Prefs Keys []
13:04:29.014 [main] INFO  c.b.a.BrowserStackPropertyTester - Validation Result isBrowserStackEnabled : true P/APPIUMSCRIPTS
13:04:29.015 [main] INFO  c.b.a.BrowserStackPropertyTester - Testing : isBrowserStackDisabled
13:04:29.015 [main] INFO  c.b.BrowserStackPluginActivator - Prefs Keys []
13:04:29.016 [main] INFO  c.b.a.BrowserStackPropertyTester - Validation Result isBrowserStackDisabled : false P/APPIUMSCRIPTS
13:05:27.295 [main] INFO  c.b.a.BrowserStackPropertyTester - Testing : isBrowserStackEnabled
13:05:27.296 [main] INFO  c.b.BrowserStackPluginActivator - Prefs Keys []
13:05:27.297 [main] INFO  c.b.a.BrowserStackPropertyTester - Validation Result isBrowserStackEnabled : true P/APPIUMSCRIPTS
13:05:27.298 [main] INFO  c.b.a.BrowserStackPropertyTester - Testing : isBrowserStackDisabled
13:05:27.298 [main] INFO  c.b.BrowserStackPluginActivator - Prefs Keys []
13:05:27.300 [main] INFO  c.b.a.BrowserStackPropertyTester - Validation Result isBrowserStackDisabled : false P/APPIUMSCRIPTS
18:07:55.939 [main] INFO  c.b.a.BrowserStackPropertyTester - Testing : isBrowserStackEnabled
18:07:55.952 [main] INFO  c.b.BrowserStackPluginActivator - Prefs Keys []
18:07:55.960 [main] INFO  c.b.a.BrowserStackPropertyTester - Validation Result isBrowserStackEnabled : true P/AppiumFrameworkDesign
18:07:55.962 [main] INFO  c.b.a.BrowserStackPropertyTester - Testing : isBrowserStackDisabled
18:07:55.962 [main] INFO  c.b.BrowserStackPluginActivator - Prefs Keys []
18:07:55.965 [main] INFO  c.b.a.BrowserStackPropertyTester - Validation Result isBrowserStackDisabled : false P/AppiumFrameworkDesign
18:08:11.979 [main] INFO  c.b.a.BrowserStackPropertyTester - Testing : isBrowserStackEnabled
18:08:11.980 [main] INFO  c.b.BrowserStackPluginActivator - Prefs Keys []
18:08:11.984 [main] INFO  c.b.a.BrowserStackPropertyTester - Validation Result isBrowserStackEnabled : true P/AppiumFrameworkDesign
18:08:11.986 [main] INFO  c.b.a.BrowserStackPropertyTester - Testing : isBrowserStackDisabled
18:08:11.987 [main] INFO  c.b.BrowserStackPluginActivator - Prefs Keys []
18:08:11.989 [main] INFO  c.b.a.BrowserStackPropertyTester - Validation Result isBrowserStackDisabled : false P/AppiumFrameworkDesign
18:10:57.701 [main] INFO  c.b.a.BrowserStackPropertyTester - Testing : isBrowserStackEnabled
18:10:57.703 [main] INFO  c.b.BrowserStackPluginActivator - Prefs Keys []
18:10:57.709 [main] INFO  c.b.a.BrowserStackPropertyTester - Validation Result isBrowserStackEnabled : true P/AppiumFrameworkDesign
18:10:57.712 [main] INFO  c.b.a.BrowserStackPropertyTester - Testing : isBrowserStackDisabled
18:10:57.713 [main] INFO  c.b.BrowserStackPluginActivator - Prefs Keys []
18:10:57.722 [main] INFO  c.b.a.BrowserStackPropertyTester - Validation Result isBrowserStackDisabled : false P/AppiumFrameworkDesign
18:15:05.928 [main] INFO  c.b.a.BrowserStackPropertyTester - Testing : isBrowserStackEnabled
18:15:05.929 [main] INFO  c.b.BrowserStackPluginActivator - Prefs Keys []
18:15:05.931 [main] INFO  c.b.a.BrowserStackPropertyTester - Validation Result isBrowserStackEnabled : true P/AppiumFrameworkDesign
18:15:05.932 [main] INFO  c.b.a.BrowserStackPropertyTester - Testing : isBrowserStackDisabled
18:15:05.932 [main] INFO  c.b.BrowserStackPluginActivator - Prefs Keys []
18:15:05.935 [main] INFO  c.b.a.BrowserStackPropertyTester - Validation Result isBrowserStackDisabled : false P/AppiumFrameworkDesign
18:15:14.970 [main] INFO  c.b.a.BrowserStackPropertyTester - Testing : isBrowserStackEnabled
18:15:14.970 [main] INFO  c.b.BrowserStackPluginActivator - Prefs Keys []
18:15:14.972 [main] INFO  c.b.a.BrowserStackPropertyTester - Validation Result isBrowserStackEnabled : true P/AppiumFrameworkDesign
18:15:14.973 [main] INFO  c.b.a.BrowserStackPropertyTester - Testing : isBrowserStackDisabled
18:15:14.973 [main] INFO  c.b.BrowserStackPluginActivator - Prefs Keys []
18:15:14.976 [main] INFO  c.b.a.BrowserStackPropertyTester - Validation Result isBrowserStackDisabled : false P/AppiumFrameworkDesign
18:16:10.158 [main] INFO  c.b.a.BrowserStackPropertyTester - Testing : isBrowserStackEnabled
18:16:10.160 [main] INFO  c.b.BrowserStackPluginActivator - Prefs Keys []
18:16:10.162 [main] INFO  c.b.a.BrowserStackPropertyTester - Validation Result isBrowserStackEnabled : true P/AppiumFrameworkDesign
18:16:10.164 [main] INFO  c.b.a.BrowserStackPropertyTester - Testing : isBrowserStackDisabled
18:16:10.164 [main] INFO  c.b.BrowserStackPluginActivator - Prefs Keys []
18:16:10.166 [main] INFO  c.b.a.BrowserStackPropertyTester - Validation Result isBrowserStackDisabled : false P/AppiumFrameworkDesign
18:16:18.784 [main] INFO  c.b.a.BrowserStackPropertyTester - Testing : isBrowserStackEnabled
18:16:18.785 [main] INFO  c.b.BrowserStackPluginActivator - Prefs Keys []
18:16:18.787 [main] INFO  c.b.a.BrowserStackPropertyTester - Validation Result isBrowserStackEnabled : true P/AppiumFrameworkDesign
18:16:18.788 [main] INFO  c.b.a.BrowserStackPropertyTester - Testing : isBrowserStackDisabled
18:16:18.788 [main] INFO  c.b.BrowserStackPluginActivator - Prefs Keys []
18:16:18.791 [main] INFO  c.b.a.BrowserStackPropertyTester - Validation Result isBrowserStackDisabled : false P/AppiumFrameworkDesign
18:17:56.827 [main] INFO  c.b.a.BrowserStackPropertyTester - Testing : isBrowserStackEnabled
18:17:56.827 [main] INFO  c.b.BrowserStackPluginActivator - Prefs Keys []
18:17:56.828 [main] INFO  c.b.a.BrowserStackPropertyTester - Validation Result isBrowserStackEnabled : true P/AppiumFrameworkDesign
18:17:56.829 [main] INFO  c.b.a.BrowserStackPropertyTester - Testing : isBrowserStackDisabled
18:17:56.829 [main] INFO  c.b.BrowserStackPluginActivator - Prefs Keys []
18:17:56.831 [main] INFO  c.b.a.BrowserStackPropertyTester - Validation Result isBrowserStackDisabled : false P/AppiumFrameworkDesign
18:17:58.394 [main] INFO  c.b.a.BrowserStackPropertyTester - Testing : isBrowserStackEnabled
18:17:58.396 [main] INFO  c.b.BrowserStackPluginActivator - Prefs Keys []
18:17:58.399 [main] INFO  c.b.a.BrowserStackPropertyTester - Validation Result isBrowserStackEnabled : true P/AppiumFrameworkDesign
18:17:58.400 [main] INFO  c.b.a.BrowserStackPropertyTester - Testing : isBrowserStackDisabled
18:17:58.401 [main] INFO  c.b.BrowserStackPluginActivator - Prefs Keys []
18:17:58.405 [main] INFO  c.b.a.BrowserStackPropertyTester - Validation Result isBrowserStackDisabled : false P/AppiumFrameworkDesign
18:18:19.928 [main] INFO  c.b.a.BrowserStackPropertyTester - Testing : isBrowserStackEnabled
18:18:19.929 [main] INFO  c.b.BrowserStackPluginActivator - Prefs Keys []
18:18:19.931 [main] INFO  c.b.a.BrowserStackPropertyTester - Validation Result isBrowserStackEnabled : true P/AppiumFrameworkDesign
18:18:19.932 [main] INFO  c.b.a.BrowserStackPropertyTester - Testing : isBrowserStackDisabled
18:18:19.936 [main] INFO  c.b.BrowserStackPluginActivator - Prefs Keys []
18:18:19.938 [main] INFO  c.b.a.BrowserStackPropertyTester - Validation Result isBrowserStackDisabled : false P/AppiumFrameworkDesign
18:18:27.136 [main] INFO  c.b.a.BrowserStackPropertyTester - Testing : isBrowserStackEnabled
18:18:27.138 [main] INFO  c.b.BrowserStackPluginActivator - Prefs Keys []
18:18:27.142 [main] INFO  c.b.a.BrowserStackPropertyTester - Validation Result isBrowserStackEnabled : true P/AppiumFrameworkDesign
18:18:27.143 [main] INFO  c.b.a.BrowserStackPropertyTester - Testing : isBrowserStackDisabled
18:18:27.144 [main] INFO  c.b.BrowserStackPluginActivator - Prefs Keys []
18:18:27.147 [main] INFO  c.b.a.BrowserStackPropertyTester - Validation Result isBrowserStackDisabled : false P/AppiumFrameworkDesign
10:24:58.556 [main] INFO  c.b.launchers.LaunchMavenCommand - Executing maven archetype command - browserstack-sdk-archetype-integrate
10:24:58.582 [main] INFO  c.b.launchers.LaunchMavenCommand - The maven properties for launcher are [archetypeArtifactId=browserstack-sdk-archetype-integrate, BROWSERSTACK_ACCESS_KEY=RuJAjfXjLzXhqpN5voeF, groupId=com.browserstack, BROWSERSTACK_APP=bs://sample.app, BROWSERSTACK_FRAMEWORK=java, version=1.0, PROJECT_NAME=BrowserStack Sample, archetypeVersion=1.5, archetypeGroupId=com.browserstack, artifactId=java-archetype-integrate, BROWSERSTACK_USERNAME=varshuvibes_rXyjQH, BUILD_NAME=browserstack build, BROWSERSTACK_SOURCE=java:appium-eclipse:v1.0.8]
10:25:37.316 [main] INFO  c.b.a.BrowserStackPropertyTester - Testing : isBrowserStackEnabled
10:25:37.316 [main] INFO  c.b.BrowserStackPluginActivator - Prefs Keys []
10:25:37.319 [main] INFO  c.b.a.BrowserStackPropertyTester - Validation Result isBrowserStackEnabled : true P/APPIUMSCRIPTS
10:25:37.320 [main] INFO  c.b.a.BrowserStackPropertyTester - Testing : isBrowserStackDisabled
10:25:37.323 [main] INFO  c.b.BrowserStackPluginActivator - Prefs Keys []
10:25:37.330 [main] INFO  c.b.a.BrowserStackPropertyTester - Validation Result isBrowserStackDisabled : false P/APPIUMSCRIPTS
10:30:57.817 [main] INFO  c.b.a.BrowserStackPropertyTester - Testing : isBrowserStackEnabled
10:30:57.817 [main] INFO  c.b.BrowserStackPluginActivator - Prefs Keys []
10:30:57.822 [main] INFO  c.b.a.BrowserStackPropertyTester - Validation Result isBrowserStackEnabled : true P/APPIUMSCRIPTS
10:30:57.823 [main] INFO  c.b.a.BrowserStackPropertyTester - Testing : isBrowserStackDisabled
10:30:57.825 [main] INFO  c.b.BrowserStackPluginActivator - Prefs Keys []
10:30:57.828 [main] INFO  c.b.a.BrowserStackPropertyTester - Validation Result isBrowserStackDisabled : false P/APPIUMSCRIPTS
10:37:44.098 [main] INFO  c.b.a.BrowserStackPropertyTester - Testing : isBrowserStackEnabled
10:37:44.099 [main] INFO  c.b.BrowserStackPluginActivator - Prefs Keys []
10:37:44.102 [main] INFO  c.b.a.BrowserStackPropertyTester - Validation Result isBrowserStackEnabled : true P/APPIUMSCRIPTS
10:37:44.103 [main] INFO  c.b.a.BrowserStackPropertyTester - Testing : isBrowserStackDisabled
10:37:44.103 [main] INFO  c.b.BrowserStackPluginActivator - Prefs Keys []
10:37:44.106 [main] INFO  c.b.a.BrowserStackPropertyTester - Validation Result isBrowserStackDisabled : false P/APPIUMSCRIPTS
10:37:57.445 [main] INFO  c.b.a.BrowserStackPropertyTester - Testing : isBrowserStackEnabled
10:37:57.450 [main] INFO  c.b.BrowserStackPluginActivator - Prefs Keys []
10:37:57.451 [main] INFO  c.b.a.BrowserStackPropertyTester - Validation Result isBrowserStackEnabled : true P/APPIUMSCRIPTS
10:37:57.452 [main] INFO  c.b.a.BrowserStackPropertyTester - Testing : isBrowserStackDisabled
10:37:57.452 [main] INFO  c.b.BrowserStackPluginActivator - Prefs Keys []
10:37:57.454 [main] INFO  c.b.a.BrowserStackPropertyTester - Validation Result isBrowserStackDisabled : false P/APPIUMSCRIPTS
10:37:59.328 [main] INFO  c.b.a.BrowserStackPropertyTester - Testing : isBrowserStackEnabled
10:37:59.328 [main] INFO  c.b.BrowserStackPluginActivator - Prefs Keys []
10:37:59.331 [main] INFO  c.b.a.BrowserStackPropertyTester - Validation Result isBrowserStackEnabled : true P/APPIUMSCRIPTS
10:37:59.331 [main] INFO  c.b.a.BrowserStackPropertyTester - Testing : isBrowserStackDisabled
10:37:59.332 [main] INFO  c.b.BrowserStackPluginActivator - Prefs Keys []
10:37:59.336 [main] INFO  c.b.a.BrowserStackPropertyTester - Validation Result isBrowserStackDisabled : false P/APPIUMSCRIPTS
10:38:02.648 [main] INFO  c.b.a.BrowserStackPropertyTester - Testing : isBrowserStackEnabled
10:38:02.649 [main] INFO  c.b.BrowserStackPluginActivator - Prefs Keys []
10:38:02.651 [main] INFO  c.b.a.BrowserStackPropertyTester - Validation Result isBrowserStackEnabled : true P/APPIUMSCRIPTS
10:38:02.652 [main] INFO  c.b.a.BrowserStackPropertyTester - Testing : isBrowserStackDisabled
10:38:02.653 [main] INFO  c.b.BrowserStackPluginActivator - Prefs Keys []
10:38:02.655 [main] INFO  c.b.a.BrowserStackPropertyTester - Validation Result isBrowserStackDisabled : false P/APPIUMSCRIPTS
10:39:03.621 [main] INFO  c.b.a.BrowserStackPropertyTester - Testing : isBrowserStackEnabled
10:39:03.621 [main] INFO  c.b.BrowserStackPluginActivator - Prefs Keys []
10:39:03.623 [main] INFO  c.b.a.BrowserStackPropertyTester - Validation Result isBrowserStackEnabled : true P/APPIUMSCRIPTS
10:39:03.624 [main] INFO  c.b.a.BrowserStackPropertyTester - Testing : isBrowserStackDisabled
10:39:03.624 [main] INFO  c.b.BrowserStackPluginActivator - Prefs Keys []
10:39:03.627 [main] INFO  c.b.a.BrowserStackPropertyTester - Validation Result isBrowserStackDisabled : false P/APPIUMSCRIPTS
10:42:58.816 [main] INFO  c.b.a.BrowserStackPropertyTester - Testing : isBrowserStackEnabled
10:42:58.816 [main] INFO  c.b.BrowserStackPluginActivator - Prefs Keys []
10:42:58.818 [main] INFO  c.b.a.BrowserStackPropertyTester - Validation Result isBrowserStackEnabled : true P/APPIUMSCRIPTS
10:42:58.818 [main] INFO  c.b.a.BrowserStackPropertyTester - Testing : isBrowserStackDisabled
10:42:58.820 [main] INFO  c.b.BrowserStackPluginActivator - Prefs Keys []
10:42:58.821 [main] INFO  c.b.a.BrowserStackPropertyTester - Validation Result isBrowserStackDisabled : false P/APPIUMSCRIPTS
11:17:22.735 [main] INFO  c.b.a.BrowserStackPropertyTester - Testing : isBrowserStackEnabled
11:17:22.738 [main] INFO  c.b.BrowserStackPluginActivator - Prefs Keys []
11:17:22.740 [main] INFO  c.b.a.BrowserStackPropertyTester - Validation Result isBrowserStackEnabled : true P/AppiumFrameworkDesign
11:17:22.742 [main] INFO  c.b.a.BrowserStackPropertyTester - Testing : isBrowserStackDisabled
11:17:22.743 [main] INFO  c.b.BrowserStackPluginActivator - Prefs Keys []
11:17:22.749 [main] INFO  c.b.a.BrowserStackPropertyTester - Validation Result isBrowserStackDisabled : false P/AppiumFrameworkDesign
11:17:33.712 [main] INFO  c.b.a.BrowserStackPropertyTester - Testing : isBrowserStackEnabled
11:17:33.714 [main] INFO  c.b.BrowserStackPluginActivator - Prefs Keys []
11:17:33.717 [main] INFO  c.b.a.BrowserStackPropertyTester - Validation Result isBrowserStackEnabled : true P/AppiumFrameworkDesign
11:17:33.717 [main] INFO  c.b.a.BrowserStackPropertyTester - Testing : isBrowserStackDisabled
11:17:33.721 [main] INFO  c.b.BrowserStackPluginActivator - Prefs Keys []
11:17:33.723 [main] INFO  c.b.a.BrowserStackPropertyTester - Validation Result isBrowserStackDisabled : false P/AppiumFrameworkDesign
17:42:37.980 [main] INFO  c.b.a.BrowserStackPropertyTester - Testing : isBrowserStackEnabled
17:42:38.000 [main] INFO  c.b.BrowserStackPluginActivator - Prefs Keys []
17:42:38.004 [main] INFO  c.b.a.BrowserStackPropertyTester - Validation Result isBrowserStackEnabled : true P/AppiumFrameworkDesign
17:42:38.007 [main] INFO  c.b.a.BrowserStackPropertyTester - Testing : isBrowserStackDisabled
17:42:38.007 [main] INFO  c.b.BrowserStackPluginActivator - Prefs Keys []
17:42:38.011 [main] INFO  c.b.a.BrowserStackPropertyTester - Validation Result isBrowserStackDisabled : false P/AppiumFrameworkDesign
17:42:40.545 [main] INFO  c.b.a.BrowserStackPropertyTester - Testing : isBrowserStackEnabled
17:42:40.550 [main] INFO  c.b.BrowserStackPluginActivator - Prefs Keys []
17:42:40.556 [main] INFO  c.b.a.BrowserStackPropertyTester - Validation Result isBrowserStackEnabled : true P/AppiumFrameworkDesign
17:42:40.558 [main] INFO  c.b.a.BrowserStackPropertyTester - Testing : isBrowserStackDisabled
17:42:40.561 [main] INFO  c.b.BrowserStackPluginActivator - Prefs Keys []
17:42:40.567 [main] INFO  c.b.a.BrowserStackPropertyTester - Validation Result isBrowserStackDisabled : false P/AppiumFrameworkDesign
17:46:47.589 [main] INFO  c.b.a.BrowserStackPropertyTester - Testing : isBrowserStackEnabled
17:46:47.589 [main] INFO  c.b.BrowserStackPluginActivator - Prefs Keys []
17:46:47.591 [main] INFO  c.b.a.BrowserStackPropertyTester - Validation Result isBrowserStackEnabled : true P/AppiumFrameworkDesign
17:46:47.592 [main] INFO  c.b.a.BrowserStackPropertyTester - Testing : isBrowserStackDisabled
17:46:47.600 [main] INFO  c.b.BrowserStackPluginActivator - Prefs Keys []
17:46:47.602 [main] INFO  c.b.a.BrowserStackPropertyTester - Validation Result isBrowserStackDisabled : false P/AppiumFrameworkDesign
18:06:08.255 [main] INFO  c.b.a.BrowserStackPropertyTester - Testing : isBrowserStackEnabled
18:06:08.256 [main] INFO  c.b.BrowserStackPluginActivator - Prefs Keys []
18:06:08.259 [main] INFO  c.b.a.BrowserStackPropertyTester - Validation Result isBrowserStackEnabled : true P/APPIUMSCRIPTS
18:06:08.261 [main] INFO  c.b.a.BrowserStackPropertyTester - Testing : isBrowserStackDisabled
18:06:08.261 [main] INFO  c.b.BrowserStackPluginActivator - Prefs Keys []
18:06:08.267 [main] INFO  c.b.a.BrowserStackPropertyTester - Validation Result isBrowserStackDisabled : false P/APPIUMSCRIPTS
18:22:30.155 [main] INFO  c.b.a.BrowserStackPropertyTester - Testing : isBrowserStackEnabled
18:22:30.156 [main] INFO  c.b.BrowserStackPluginActivator - Prefs Keys []
18:22:30.159 [main] INFO  c.b.a.BrowserStackPropertyTester - Validation Result isBrowserStackEnabled : true P/APPIUMSCRIPTS
18:22:30.160 [main] INFO  c.b.a.BrowserStackPropertyTester - Testing : isBrowserStackDisabled
18:22:30.161 [main] INFO  c.b.BrowserStackPluginActivator - Prefs Keys []
18:22:30.164 [main] INFO  c.b.a.BrowserStackPropertyTester - Validation Result isBrowserStackDisabled : false P/APPIUMSCRIPTS
18:58:43.135 [main] INFO  c.b.a.BrowserStackPropertyTester - Testing : isBrowserStackEnabled
18:58:43.139 [main] INFO  c.b.BrowserStackPluginActivator - Prefs Keys []
18:58:43.144 [main] INFO  c.b.a.BrowserStackPropertyTester - Validation Result isBrowserStackEnabled : true P/AppiumFrameworkDesign
18:58:43.145 [main] INFO  c.b.a.BrowserStackPropertyTester - Testing : isBrowserStackDisabled
18:58:43.146 [main] INFO  c.b.BrowserStackPluginActivator - Prefs Keys []
18:58:43.150 [main] INFO  c.b.a.BrowserStackPropertyTester - Validation Result isBrowserStackDisabled : false P/AppiumFrameworkDesign
09:48:44.388 [main] INFO  c.b.launchers.LaunchMavenCommand - Executing maven archetype command - browserstack-sdk-archetype-integrate
09:48:44.440 [main] INFO  c.b.launchers.LaunchMavenCommand - The maven properties for launcher are [archetypeArtifactId=browserstack-sdk-archetype-integrate, BROWSERSTACK_ACCESS_KEY=RuJAjfXjLzXhqpN5voeF, groupId=com.browserstack, BROWSERSTACK_APP=bs://sample.app, BROWSERSTACK_FRAMEWORK=java, version=1.0, PROJECT_NAME=Appium 1st Batch, archetypeVersion=1.5, archetypeGroupId=com.browserstack, artifactId=java-archetype-integrate, BROWSERSTACK_USERNAME=varshuvibes_rXyjQH, BUILD_NAME=browserstack build1, BROWSERSTACK_SOURCE=java:appium-eclipse:v1.0.8]
09:49:29.175 [main] INFO  c.b.a.BrowserStackPropertyTester - Testing : isBrowserStackEnabled
09:49:29.177 [main] INFO  c.b.BrowserStackPluginActivator - Prefs Keys []
09:49:29.180 [main] INFO  c.b.a.BrowserStackPropertyTester - Validation Result isBrowserStackEnabled : true P/APPIUMSCRIPTS
09:49:29.183 [main] INFO  c.b.a.BrowserStackPropertyTester - Testing : isBrowserStackDisabled
09:49:29.184 [main] INFO  c.b.BrowserStackPluginActivator - Prefs Keys []
09:49:29.190 [main] INFO  c.b.a.BrowserStackPropertyTester - Validation Result isBrowserStackDisabled : false P/APPIUMSCRIPTS
09:50:00.721 [main] INFO  c.b.a.BrowserStackPropertyTester - Testing : isBrowserStackEnabled
09:50:00.727 [main] INFO  c.b.BrowserStackPluginActivator - Prefs Keys []
09:50:00.732 [main] INFO  c.b.a.BrowserStackPropertyTester - Validation Result isBrowserStackEnabled : true P/APPIUMSCRIPTS
09:50:00.733 [main] INFO  c.b.a.BrowserStackPropertyTester - Testing : isBrowserStackDisabled
09:50:00.733 [main] INFO  c.b.BrowserStackPluginActivator - Prefs Keys []
09:50:00.736 [main] INFO  c.b.a.BrowserStackPropertyTester - Validation Result isBrowserStackDisabled : false P/APPIUMSCRIPTS
09:50:02.928 [main] INFO  c.b.a.BrowserStackPropertyTester - Testing : isBrowserStackEnabled
09:50:02.932 [main] INFO  c.b.BrowserStackPluginActivator - Prefs Keys []
09:50:02.937 [main] INFO  c.b.a.BrowserStackPropertyTester - Validation Result isBrowserStackEnabled : true P/APPIUMSCRIPTS
09:50:02.938 [main] INFO  c.b.a.BrowserStackPropertyTester - Testing : isBrowserStackDisabled
09:50:02.941 [main] INFO  c.b.BrowserStackPluginActivator - Prefs Keys []
09:50:02.947 [main] INFO  c.b.a.BrowserStackPropertyTester - Validation Result isBrowserStackDisabled : false P/APPIUMSCRIPTS
09:50:23.878 [main] INFO  c.b.launchers.LaunchMavenCommand - Executing maven archetype command - browserstack-sdk-archetype-integrate
09:50:23.886 [main] INFO  c.b.launchers.LaunchMavenCommand - The maven properties for launcher are [archetypeArtifactId=browserstack-sdk-archetype-integrate, BROWSERSTACK_ACCESS_KEY=RuJAjfXjLzXhqpN5voeF, groupId=com.browserstack, BROWSERSTACK_APP=bs://sample.app, BROWSERSTACK_FRAMEWORK=java, version=1.0, PROJECT_NAME=BrowserStack Sample, archetypeVersion=1.5, archetypeGroupId=com.browserstack, artifactId=java-archetype-integrate, BROWSERSTACK_USERNAME=varshuvibes_rXyjQH, BUILD_NAME=browserstack build, BROWSERSTACK_SOURCE=java:appium-eclipse:v1.0.8]
09:50:23.895 [Worker-88: Launching mavenrun-d1a96530-8972-48ce-9cda-67ceaa6f01de] INFO  c.b.BrowserStackPluginActivator - The previous launch removed.
09:50:50.140 [main] INFO  c.b.a.BrowserStackPropertyTester - Testing : isBrowserStackEnabled
09:50:50.141 [main] INFO  c.b.BrowserStackPluginActivator - Prefs Keys []
09:50:50.145 [main] INFO  c.b.a.BrowserStackPropertyTester - Validation Result isBrowserStackEnabled : true P/APPIUMSCRIPTS
09:50:50.146 [main] INFO  c.b.a.BrowserStackPropertyTester - Testing : isBrowserStackDisabled
09:50:50.147 [main] INFO  c.b.BrowserStackPluginActivator - Prefs Keys []
09:50:50.152 [main] INFO  c.b.a.BrowserStackPropertyTester - Validation Result isBrowserStackDisabled : false P/APPIUMSCRIPTS
09:54:26.475 [main] INFO  c.b.a.BrowserStackPropertyTester - Testing : isBrowserStackEnabled
09:54:26.476 [main] INFO  c.b.BrowserStackPluginActivator - Prefs Keys []
09:54:26.479 [main] INFO  c.b.a.BrowserStackPropertyTester - Validation Result isBrowserStackEnabled : true P/APPIUMSCRIPTS
09:54:26.480 [main] INFO  c.b.a.BrowserStackPropertyTester - Testing : isBrowserStackDisabled
09:54:26.481 [main] INFO  c.b.BrowserStackPluginActivator - Prefs Keys []
09:54:26.485 [main] INFO  c.b.a.BrowserStackPropertyTester - Validation Result isBrowserStackDisabled : false P/APPIUMSCRIPTS
10:11:50.457 [main] INFO  c.b.a.BrowserStackPropertyTester - Testing : isBrowserStackEnabled
10:11:50.457 [main] INFO  c.b.BrowserStackPluginActivator - Prefs Keys []
10:11:50.461 [main] INFO  c.b.a.BrowserStackPropertyTester - Validation Result isBrowserStackEnabled : true P/APPIUMSCRIPTS
10:11:50.462 [main] INFO  c.b.a.BrowserStackPropertyTester - Testing : isBrowserStackDisabled
10:11:50.463 [main] INFO  c.b.BrowserStackPluginActivator - Prefs Keys []
10:11:50.466 [main] INFO  c.b.a.BrowserStackPropertyTester - Validation Result isBrowserStackDisabled : false P/APPIUMSCRIPTS
10:15:37.251 [main] INFO  c.b.a.BrowserStackPropertyTester - Testing : isBrowserStackEnabled
10:15:37.252 [main] INFO  c.b.BrowserStackPluginActivator - Prefs Keys []
10:15:37.256 [main] INFO  c.b.a.BrowserStackPropertyTester - Validation Result isBrowserStackEnabled : true P/APPIUMSCRIPTS
10:15:37.257 [main] INFO  c.b.a.BrowserStackPropertyTester - Testing : isBrowserStackDisabled
10:15:37.257 [main] INFO  c.b.BrowserStackPluginActivator - Prefs Keys []
10:15:37.262 [main] INFO  c.b.a.BrowserStackPropertyTester - Validation Result isBrowserStackDisabled : false P/APPIUMSCRIPTS
